[20-May-2025 21:29:53 UTC] Login attempt for email: test@test.com
[20-May-2025 21:29:53 UTC] User found: Yes
[20-May-2025 21:29:53 UTC] Stored password hash: $2y$10$JRlklDCtgK.ZoiyPxz9Pyunl/UXvExJRHXoCH7BWeSLleZoS4qsRC
[20-May-2025 21:29:53 UTC] Attempting to verify password
[20-May-2025 21:29:53 UTC] Password verification successful
[21-May-2025 07:04:28 UTC] Login attempt for email: test@test.com
[21-May-2025 07:04:28 UTC] User found: Yes
[21-May-2025 07:04:28 UTC] Stored password hash: $2y$10$JRlklDCtgK.ZoiyPxz9Pyunl/UXvExJRHXoCH7BWeSLleZoS4qsRC
[21-May-2025 07:04:28 UTC] Attempting to verify password
[21-May-2025 07:04:28 UTC] Password verification successful
[21-May-2025 08:12:04 UTC] Login attempt for email: test@test.com
[21-May-2025 08:12:04 UTC] User found: Yes
[21-May-2025 08:12:04 UTC] Stored password hash: $2y$10$JRlklDCtgK.ZoiyPxz9Pyunl/UXvExJRHXoCH7BWeSLleZoS4qsRC
[21-May-2025 08:12:04 UTC] Attempting to verify password
[21-May-2025 08:12:04 UTC] Password verification failed
[21-May-2025 08:12:13 UTC] Login attempt for email: test@test.com
[21-May-2025 08:12:13 UTC] User found: Yes
[21-May-2025 08:12:13 UTC] Stored password hash: $2y$10$JRlklDCtgK.ZoiyPxz9Pyunl/UXvExJRHXoCH7BWeSLleZoS4qsRC
[21-May-2025 08:12:13 UTC] Attempting to verify password
[21-May-2025 08:12:13 UTC] Password verification successful
[21-May-2025 08:54:03 UTC] Login attempt for email: test@test.com
[21-May-2025 08:54:03 UTC] User found: Yes
[21-May-2025 08:54:03 UTC] Stored password hash: $2y$10$JRlklDCtgK.ZoiyPxz9Pyunl/UXvExJRHXoCH7BWeSLleZoS4qsRC
[21-May-2025 08:54:03 UTC] Attempting to verify password
[21-May-2025 08:54:03 UTC] Password verification successful
[21-May-2025 08:54:39 UTC] Login attempt for email: test@test.com
[21-May-2025 08:54:39 UTC] User found: Yes
[21-May-2025 08:54:39 UTC] Stored password hash: $2y$10$JRlklDCtgK.ZoiyPxz9Pyunl/UXvExJRHXoCH7BWeSLleZoS4qsRC
[21-May-2025 08:54:39 UTC] Attempting to verify password
[21-May-2025 08:54:39 UTC] Password verification successful
